
03.12.2017 23:56:50 *** APX Application Modules Install | Build: 1.0.0_0095.1712032356 | Commit: [master 5e8050a] ***

02.12.2017 23:04:18     Building: "APX Application Modules Version 1.0.0_0095.1712032356"
02.12.2017 23:04:23     Dropping: "APX Application Modules Objects"

Dropping DB Model (Tables)

APX$USR_SESSION
APX$MIME
APX$CFG
APX$OPT
APX$PRC
APX$STATUS
APX$CTX
APX$

Dropping Interfaces required

APX$KEY
APX_ENCRYPT
APX_DECRYPT
APX_GET_VERSION
APX_CONFIG_VIEWS
APX_SEC_CODE_VIEWS
APX_GET_TOKEN

REGISTER_LOGIN

Dropping Packages

APX

02.12.2017 23:04:29     Creating: "APX Application Modules Database Model"

Creating DB Model (Tables)

APX

Table "APX$" created.

Elapsed: 00:00:00.041

Index "APX$_UNQ1" created.

Elapsed: 00:00:00.012

Index "APX$_UNQ2" created.

Elapsed: 00:00:00.009

Sequence "APX$_ID_SEQ" created.

Elapsed: 00:00:00.007
Elapsed: 00:00:00.026

Synonym "APEX_APX" created.

Elapsed: 00:00:00.009

1 row inserted.

Elapsed: 00:00:00.018

1 row inserted.

Elapsed: 00:00:00.005

1 row inserted.

Elapsed: 00:00:00.029

1 row inserted.

Elapsed: 00:00:00.008

1 row inserted.

Elapsed: 00:00:00.004

1 row inserted.

Elapsed: 00:00:00.004

1 row inserted.

Elapsed: 00:00:00.005

1 row inserted.

Elapsed: 00:00:00.005

1 row inserted.

Elapsed: 00:00:00.005

1 row inserted.

Elapsed: 00:00:00.004

1 row inserted.

Elapsed: 00:00:00.003

1 row inserted.

Elapsed: 00:00:00.004

1 row inserted.

Elapsed: 00:00:00.007

1 row inserted.

Elapsed: 00:00:00.006

1 row inserted.

Elapsed: 00:00:00.005

1 row inserted.

Elapsed: 00:00:00.005

1 row inserted.

Elapsed: 00:00:00.009

1 row inserted.

Elapsed: 00:00:00.006

1 row inserted.

Elapsed: 00:00:00.009

1 row inserted.

Elapsed: 00:00:00.005

1 row inserted.

Elapsed: 00:00:00.007

1 row inserted.

Elapsed: 00:00:00.004

1 row inserted.

Elapsed: 00:00:00.004

1 row inserted.

Elapsed: 00:00:00.005

1 row inserted.

Elapsed: 00:00:00.006

1 row inserted.

Elapsed: 00:00:00.004

1 row inserted.

Elapsed: 00:00:00.004

1 row inserted.

Elapsed: 00:00:00.004

1 row inserted.

Elapsed: 00:00:00.004

1 row inserted.

Elapsed: 00:00:00.012

1 row inserted.

Elapsed: 00:00:00.006

1 row inserted.

Elapsed: 00:00:00.005

1 row inserted.

Elapsed: 00:00:00.006

1 row inserted.

Elapsed: 00:00:00.005

1 row inserted.

Elapsed: 00:00:00.007

1 row inserted.

Elapsed: 00:00:00.007

1 row inserted.

Elapsed: 00:00:00.007

1 row inserted.

Elapsed: 00:00:00.004

1 row inserted.

Elapsed: 00:00:00.004

1 row inserted.

Elapsed: 00:00:00.004

1 row inserted.

Elapsed: 00:00:00.006

1 row inserted.

Elapsed: 00:00:00.005

1 row inserted.

Elapsed: 00:00:00.006

1 row inserted.

Elapsed: 00:00:00.004

1 row inserted.

Elapsed: 00:00:00.004

1 row inserted.

Elapsed: 00:00:00.006

1 row inserted.

Elapsed: 00:00:00.007

1 row inserted.

Elapsed: 00:00:00.005

1 row inserted.

Elapsed: 00:00:00.004

1 row inserted.

Elapsed: 00:00:00.004

1 row inserted.

Elapsed: 00:00:00.006

1 row inserted.

Elapsed: 00:00:00.007

1 row inserted.

Elapsed: 00:00:00.008

1 row inserted.

Elapsed: 00:00:00.010

1 row inserted.

Elapsed: 00:00:00.010

1 row inserted.

Elapsed: 00:00:00.007

1 row inserted.

Elapsed: 00:00:00.005

1 row inserted.

Elapsed: 00:00:00.006

1 row inserted.

Elapsed: 00:00:00.004

1 row inserted.

Elapsed: 00:00:00.005

1 row inserted.

Elapsed: 00:00:00.008

1 row inserted.

Elapsed: 00:00:00.005

1 row inserted.

Elapsed: 00:00:00.005

1 row inserted.

Elapsed: 00:00:00.004

1 row inserted.

Elapsed: 00:00:00.004

1 row inserted.

Elapsed: 00:00:00.008

1 row inserted.

Elapsed: 00:00:00.005

1 row inserted.

Elapsed: 00:00:00.005

1 row inserted.

Elapsed: 00:00:00.005

1 row inserted.

Elapsed: 00:00:00.007

1 row inserted.

Elapsed: 00:00:00.013

1 row inserted.

Elapsed: 00:00:00.008

1 row inserted.

Elapsed: 00:00:00.007

1 row inserted.

Elapsed: 00:00:00.014

1 row inserted.

Elapsed: 00:00:00.005

1 row inserted.

Elapsed: 00:00:00.009

1 row inserted.

Elapsed: 00:00:00.004

1 row inserted.

Elapsed: 00:00:00.007

1 row inserted.

Elapsed: 00:00:00.004

1 row inserted.

Elapsed: 00:00:00.004

1 row inserted.

Elapsed: 00:00:00.007

1 row inserted.

Elapsed: 00:00:00.004

1 row inserted.

Elapsed: 00:00:00.005

1 row inserted.

Elapsed: 00:00:00.005

1 row inserted.

Elapsed: 00:00:00.007

Commit complete.

Elapsed: 00:00:00.018
Elapsed: 00:00:00.018

APX$CTX

Table "APX$CTX" created.

Elapsed: 00:00:00.020

Index "APX$CTX_UNQ1" created.

Elapsed: 00:00:00.014

Index "APX$CTX_UNQ2" created.

Elapsed: 00:00:00.008

Sequence "APX$CTX_ID_SEQ" created.

Elapsed: 00:00:00.005
Elapsed: 00:00:00.018

Synonym "APEX_CONTEXT" created.

Elapsed: 00:00:00.011

1 row inserted.

Elapsed: 00:00:00.016

1 row inserted.

Elapsed: 00:00:00.005

1 row inserted.

Elapsed: 00:00:00.005

1 row inserted.

Elapsed: 00:00:00.005

1 row inserted.

Elapsed: 00:00:00.005

1 row inserted.

Elapsed: 00:00:00.007

1 row inserted.

Elapsed: 00:00:00.033

1 row inserted.

Elapsed: 00:00:00.007

1 row inserted.

Elapsed: 00:00:00.006

1 row inserted.

Elapsed: 00:00:00.006

1 row inserted.

Elapsed: 00:00:00.008

1 row inserted.

Elapsed: 00:00:00.004

1 row inserted.

Elapsed: 00:00:00.004

1 row inserted.

Elapsed: 00:00:00.005

1 row inserted.

Elapsed: 00:00:00.004

1 row inserted.

Elapsed: 00:00:00.007

1 row inserted.

Elapsed: 00:00:00.005

1 row inserted.

Elapsed: 00:00:00.003

1 row inserted.

Elapsed: 00:00:00.009

1 row inserted.

Elapsed: 00:00:00.004

1 row inserted.

Elapsed: 00:00:00.006

1 row inserted.

Elapsed: 00:00:00.054

1 row inserted.

Elapsed: 00:00:00.005

1 row inserted.

Elapsed: 00:00:00.006

1 row inserted.

Elapsed: 00:00:00.005

1 row inserted.

Elapsed: 00:00:00.004

1 row inserted.

Elapsed: 00:00:00.019

1 row inserted.

Elapsed: 00:00:00.004

1 row inserted.

Elapsed: 00:00:00.004

1 row inserted.

Elapsed: 00:00:00.005

1 row inserted.

Elapsed: 00:00:00.005

1 row inserted.

Elapsed: 00:00:00.005

1 row inserted.

Elapsed: 00:00:00.005

1 row inserted.

Elapsed: 00:00:00.010

1 row inserted.

Elapsed: 00:00:00.008

1 row inserted.

Elapsed: 00:00:00.005

1 row inserted.

Elapsed: 00:00:00.005

1 row inserted.

Elapsed: 00:00:00.007

1 row inserted.

Elapsed: 00:00:00.006

1 row inserted.

Elapsed: 00:00:00.009

Commit complete.

Elapsed: 00:00:00.015

View "APEX_CONFIG_CONTEXT" created.

Elapsed: 00:00:00.010

View "APEX_CONFIG_CONTEXT" created.

Elapsed: 00:00:00.009
Elapsed: 00:00:00.010

APX$STATUS

Table "APX$STATUS" created.

Elapsed: 00:00:00.017

Index "APX$STATUS_UNQ1" created.

Elapsed: 00:00:00.011

Index "APX$STATUS_UNQ2" created.

Elapsed: 00:00:00.007

Index "APX$STATUS_CODE_IDX" created.

Elapsed: 00:00:00.006

Index "APX$STATUS_apx_ID_IDX" created.

Elapsed: 00:00:00.007

Sequence "APX$STATUS_ID_SEQ" created.

Elapsed: 00:00:00.006
Elapsed: 00:00:00.020

Synonym "APEX_STATUS" created.

Elapsed: 00:00:00.008

1 row inserted.

Elapsed: 00:00:00.024

1 row inserted.

Elapsed: 00:00:00.009

1 row inserted.

Elapsed: 00:00:00.009

1 row inserted.

Elapsed: 00:00:00.006

1 row inserted.

Elapsed: 00:00:00.008

1 row inserted.

Elapsed: 00:00:00.008

1 row inserted.

Elapsed: 00:00:00.006

1 row inserted.

Elapsed: 00:00:00.009

1 row inserted.

Elapsed: 00:00:00.018

1 row inserted.

Elapsed: 00:00:00.007

1 row inserted.

Elapsed: 00:00:00.006

1 row inserted.

Elapsed: 00:00:00.005

1 row inserted.

Elapsed: 00:00:00.005

1 row inserted.

Elapsed: 00:00:00.009

1 row inserted.

Elapsed: 00:00:00.006

1 row inserted.

Elapsed: 00:00:00.006

Commit complete.

Elapsed: 00:00:00.014

View "APEX_CONFIG_STATUS" created.

Elapsed: 00:00:00.010

View "APEX_CONFIG_STATUS" created.

Elapsed: 00:00:00.009
Elapsed: 00:00:00.010

APX$PRC

Table "APX$PRC" created.

Elapsed: 00:00:00.025

Index "APX$PRC_UNQ1" created.

Elapsed: 00:00:00.010

Index "APX$PRC_UNQ2" created.

Elapsed: 00:00:00.012

Sequence "APX$PRC_ID_SEQ" created.

Elapsed: 00:00:00.006
Elapsed: 00:00:00.021

Synonym "APEX_PROCESS" created.

Elapsed: 00:00:00.030

1 row inserted.

Elapsed: 00:00:00.015

1 row inserted.

Elapsed: 00:00:00.007

1 row inserted.

Elapsed: 00:00:00.004

1 row inserted.

Elapsed: 00:00:00.004

1 row inserted.

Elapsed: 00:00:00.007

1 row inserted.

Elapsed: 00:00:00.005

1 row inserted.

Elapsed: 00:00:00.005

1 row inserted.

Elapsed: 00:00:00.011

1 row inserted.

Elapsed: 00:00:00.004

1 row inserted.

Elapsed: 00:00:00.003

1 row inserted.

Elapsed: 00:00:00.004

1 row inserted.

Elapsed: 00:00:00.004

1 row inserted.

Elapsed: 00:00:00.004

1 row inserted.

Elapsed: 00:00:00.008

1 row inserted.

Elapsed: 00:00:00.008

1 row inserted.

Elapsed: 00:00:00.005

1 row inserted.

Elapsed: 00:00:00.004

1 row inserted.

Elapsed: 00:00:00.005

Commit complete.

Elapsed: 00:00:00.008
Elapsed: 00:00:00.008

APX$OPT

Table "APX$OPT" created.

Elapsed: 00:00:00.032

Index "APX$OPT_UNQ1" created.

Elapsed: 00:00:00.008

Index "APX$OPT_UNQ2" created.

Elapsed: 00:00:00.007

Sequence "APX$OPT_ID_SEQ" created.

Elapsed: 00:00:00.007
Elapsed: 00:00:00.018

Synonym "APEX_OPTION" created.

Elapsed: 00:00:00.009
Elapsed: 00:00:00.010

APX$CFG

Table "APX$CFG" created.

Elapsed: 00:00:00.019

Index "APX$CFG_UNQ1" created.

Elapsed: 00:00:00.013

Index "APX$CFG_UNQ2" created.

Elapsed: 00:00:00.009

Index "APX$CFG_STAT" created.

Elapsed: 00:00:00.008

Index "APX$CFG_CONTEXT" created.

Elapsed: 00:00:00.009

Sequence "APX$CFG_SEQ" created.

Elapsed: 00:00:00.005
Elapsed: 00:00:00.016

Synonym "APEX_CONFIG" created.

Elapsed: 00:00:00.008

Synonym "APEX_SETTING" created.

Elapsed: 00:00:00.006

1 row inserted.

Elapsed: 00:00:00.017

1 row inserted.

Elapsed: 00:00:00.005

1 row inserted.

Elapsed: 00:00:00.005

1 row inserted.

Elapsed: 00:00:00.010

1 row inserted.

Elapsed: 00:00:00.005

1 row inserted.

Elapsed: 00:00:00.005

1 row inserted.

Elapsed: 00:00:00.006

1 row inserted.

Elapsed: 00:00:00.008

1 row inserted.

Elapsed: 00:00:00.005

1 row inserted.

Elapsed: 00:00:00.004

1 row inserted.

Elapsed: 00:00:00.008

1 row inserted.

Elapsed: 00:00:00.005

1 row inserted.

Elapsed: 00:00:00.005

1 row inserted.

Elapsed: 00:00:00.006

1 row inserted.

Elapsed: 00:00:00.004

1 row inserted.

Elapsed: 00:00:00.004

1 row inserted.

Elapsed: 00:00:00.004

1 row inserted.

Elapsed: 00:00:00.004

1 row inserted.

Elapsed: 00:00:00.004

1 row inserted.

Elapsed: 00:00:00.004

1 row inserted.

Elapsed: 00:00:00.004

1 row inserted.

Elapsed: 00:00:00.006

1 row inserted.

Elapsed: 00:00:00.004

1 row inserted.

Elapsed: 00:00:00.004

1 row inserted.

Elapsed: 00:00:00.004

1 row inserted.

Elapsed: 00:00:00.004

Commit complete.

Elapsed: 00:00:00.017
Elapsed: 00:00:00.017

APX$MIME

Table "APX$MIME" created.

Elapsed: 00:00:00.019

Index "APX$MIME_UNQ1" created.

Elapsed: 00:00:00.008

Index "APX$MIME_UNQ2" created.

Elapsed: 00:00:00.008

Index "APX$MIMETYPEMEDIA_FK" created.

Elapsed: 00:00:00.007

Sequence "APX$MIME_SEQ" created.

Elapsed: 00:00:00.005
Elapsed: 00:00:00.018

Synonym "APEX_MIME_TYPES" created.

Elapsed: 00:00:00.009

1 row inserted.

Elapsed: 00:00:00.016

1 row inserted.

Elapsed: 00:00:00.003

1 row inserted.

Elapsed: 00:00:00.003

1 row inserted.

Elapsed: 00:00:00.011

1 row inserted.

Elapsed: 00:00:00.004

1 row inserted.

Elapsed: 00:00:00.006

1 row inserted.

Elapsed: 00:00:00.004

1 row inserted.

Elapsed: 00:00:00.004

1 row inserted.

Elapsed: 00:00:00.004

1 row inserted.

Elapsed: 00:00:00.004

1 row inserted.

Elapsed: 00:00:00.004

1 row inserted.

Elapsed: 00:00:00.008

1 row inserted.

Elapsed: 00:00:00.006

1 row inserted.

Elapsed: 00:00:00.004

1 row inserted.

Elapsed: 00:00:00.005

1 row inserted.

Elapsed: 00:00:00.006

1 row inserted.

Elapsed: 00:00:00.127

1 row inserted.

Elapsed: 00:00:00.004

1 row inserted.

Elapsed: 00:00:00.009

1 row inserted.

Elapsed: 00:00:00.005

1 row inserted.

Elapsed: 00:00:00.006

1 row inserted.

Elapsed: 00:00:00.007

1 row inserted.

Elapsed: 00:00:00.006

1 row inserted.

Elapsed: 00:00:00.028

1 row inserted.

Elapsed: 00:00:00.128

1 row inserted.

Elapsed: 00:00:00.005

1 row inserted.

Elapsed: 00:00:00.006

1 row inserted.

Elapsed: 00:00:00.007

1 row inserted.

Elapsed: 00:00:00.008

1 row inserted.

Elapsed: 00:00:00.005

1 row inserted.

Elapsed: 00:00:00.004

1 row inserted.

Elapsed: 00:00:00.030

1 row inserted.

Elapsed: 00:00:00.125

1 row inserted.

Elapsed: 00:00:00.010

1 row inserted.

Elapsed: 00:00:00.007

1 row inserted.

Elapsed: 00:00:00.005

1 row inserted.

Elapsed: 00:00:00.004

1 row inserted.

Elapsed: 00:00:00.009

1 row inserted.

Elapsed: 00:00:00.004

1 row inserted.

Elapsed: 00:00:00.036

1 row inserted.

Elapsed: 00:00:00.038

1 row inserted.

Elapsed: 00:00:00.006

1 row inserted.

Elapsed: 00:00:00.004

1 row inserted.

Elapsed: 00:00:00.008

1 row inserted.

Elapsed: 00:00:00.008

1 row inserted.

Elapsed: 00:00:00.004

1 row inserted.

Elapsed: 00:00:00.005

1 row inserted.

Elapsed: 00:00:00.035

1 row inserted.

Elapsed: 00:00:00.032

1 row inserted.

Elapsed: 00:00:00.007

1 row inserted.

Elapsed: 00:00:00.121

1 row inserted.

Elapsed: 00:00:00.009

1 row inserted.

Elapsed: 00:00:00.006

1 row inserted.

Elapsed: 00:00:00.005

1 row inserted.

Elapsed: 00:00:00.005

1 row inserted.

Elapsed: 00:00:00.004

1 row inserted.

Elapsed: 00:00:00.004

1 row inserted.

Elapsed: 00:00:00.006

1 row inserted.

Elapsed: 00:00:00.125

1 row inserted.

Elapsed: 00:00:00.006

1 row inserted.

Elapsed: 00:00:00.006

1 row inserted.

Elapsed: 00:00:00.006

1 row inserted.

Elapsed: 00:00:00.006

1 row inserted.

Elapsed: 00:00:00.005

1 row inserted.

Elapsed: 00:00:00.010

1 row inserted.

Elapsed: 00:00:00.125

1 row inserted.

Elapsed: 00:00:00.011

1 row inserted.

Elapsed: 00:00:00.007

1 row inserted.

Elapsed: 00:00:00.004

1 row inserted.

Elapsed: 00:00:00.005

1 row inserted.

Elapsed: 00:00:00.005

1 row inserted.

Elapsed: 00:00:00.005

1 row inserted.

Elapsed: 00:00:00.004

1 row inserted.

Elapsed: 00:00:00.248

1 row inserted.

Elapsed: 00:00:00.007

1 row inserted.

Elapsed: 00:00:00.006

1 row inserted.

Elapsed: 00:00:00.005

1 row inserted.

Elapsed: 00:00:00.006

1 row inserted.

Elapsed: 00:00:00.004

1 row inserted.

Elapsed: 00:00:00.007

1 row inserted.

Elapsed: 00:00:00.004

1 row inserted.

Elapsed: 00:00:00.125

1 row inserted.

Elapsed: 00:00:00.039

1 row inserted.

Elapsed: 00:00:00.132

1 row inserted.

Elapsed: 00:00:00.005

1 row inserted.

Elapsed: 00:00:00.005

1 row inserted.

Elapsed: 00:00:00.004

1 row inserted.

Elapsed: 00:00:00.005

1 row inserted.

Elapsed: 00:00:00.005

1 row inserted.

Elapsed: 00:00:00.004

1 row inserted.

Elapsed: 00:00:00.004

1 row inserted.

Elapsed: 00:00:00.122

1 row inserted.

Elapsed: 00:00:00.008

1 row inserted.

Elapsed: 00:00:00.010

1 row inserted.

Elapsed: 00:00:00.005

1 row inserted.

Elapsed: 00:00:00.004

1 row inserted.

Elapsed: 00:00:00.004

1 row inserted.

Elapsed: 00:00:00.005

1 row inserted.

Elapsed: 00:00:00.004

1 row inserted.

Elapsed: 00:00:00.127

1 row inserted.

Elapsed: 00:00:00.004

1 row inserted.

Elapsed: 00:00:00.007

1 row inserted.

Elapsed: 00:00:00.005

1 row inserted.

Elapsed: 00:00:00.003

1 row inserted.

Elapsed: 00:00:00.007

1 row inserted.

Elapsed: 00:00:00.130

1 row inserted.

Elapsed: 00:00:00.131

1 row inserted.

Elapsed: 00:00:00.006

1 row inserted.

Elapsed: 00:00:00.006

1 row inserted.

Elapsed: 00:00:00.005

1 row inserted.

Elapsed: 00:00:00.006

1 row inserted.

Elapsed: 00:00:00.005

1 row inserted.

Elapsed: 00:00:00.005

1 row inserted.

Elapsed: 00:00:00.122

1 row inserted.

Elapsed: 00:00:00.011

1 row inserted.

Elapsed: 00:00:00.006

1 row inserted.

Elapsed: 00:00:00.007

1 row inserted.

Elapsed: 00:00:00.004

1 row inserted.

Elapsed: 00:00:00.007

1 row inserted.

Elapsed: 00:00:00.006

1 row inserted.

Elapsed: 00:00:00.005

1 row inserted.

Elapsed: 00:00:00.005

1 row inserted.

Elapsed: 00:00:00.004

1 row inserted.

Elapsed: 00:00:00.004

1 row inserted.

Elapsed: 00:00:00.004

1 row inserted.

Elapsed: 00:00:00.004

1 row inserted.

Elapsed: 00:00:00.004

1 row inserted.

Elapsed: 00:00:00.006

1 row inserted.

Elapsed: 00:00:00.006

1 row inserted.

Elapsed: 00:00:00.004

1 row inserted.

Elapsed: 00:00:00.008

1 row inserted.

Elapsed: 00:00:00.005

1 row inserted.

Elapsed: 00:00:00.004

1 row inserted.

Elapsed: 00:00:00.004

1 row inserted.

Elapsed: 00:00:00.008

1 row inserted.

Elapsed: 00:00:00.005

1 row inserted.

Elapsed: 00:00:00.004

1 row inserted.

Elapsed: 00:00:00.006

1 row inserted.

Elapsed: 00:00:00.005

1 row inserted.

Elapsed: 00:00:00.005

1 row inserted.

Elapsed: 00:00:00.006

1 row inserted.

Elapsed: 00:00:00.005

1 row inserted.

Elapsed: 00:00:00.005

1 row inserted.

Elapsed: 00:00:00.004

1 row inserted.

Elapsed: 00:00:00.004

1 row inserted.

Elapsed: 00:00:00.005

1 row inserted.

Elapsed: 00:00:00.004

1 row inserted.

Elapsed: 00:00:00.004

1 row inserted.

Elapsed: 00:00:00.006

1 row inserted.

Elapsed: 00:00:00.007

1 row inserted.

Elapsed: 00:00:00.035

1 row inserted.

Elapsed: 00:00:00.008

1 row inserted.

Elapsed: 00:00:00.011

1 row inserted.

Elapsed: 00:00:00.004

1 row inserted.

Elapsed: 00:00:00.006

1 row inserted.

Elapsed: 00:00:00.006

1 row inserted.

Elapsed: 00:00:00.007

1 row inserted.

Elapsed: 00:00:00.006

1 row inserted.

Elapsed: 00:00:00.008

1 row inserted.

Elapsed: 00:00:00.006

1 row inserted.

Elapsed: 00:00:00.004

1 row inserted.

Elapsed: 00:00:00.007

1 row inserted.

Elapsed: 00:00:00.008

1 row inserted.

Elapsed: 00:00:00.005

1 row inserted.

Elapsed: 00:00:00.010

1 row inserted.

Elapsed: 00:00:00.009

1 row inserted.

Elapsed: 00:00:00.007

1 row inserted.

Elapsed: 00:00:00.004

1 row inserted.

Elapsed: 00:00:00.003

1 row inserted.

Elapsed: 00:00:00.004

1 row inserted.

Elapsed: 00:00:00.005

1 row inserted.

Elapsed: 00:00:00.005

1 row inserted.

Elapsed: 00:00:00.004

1 row inserted.

Elapsed: 00:00:00.005

1 row inserted.

Elapsed: 00:00:00.004

1 row inserted.

Elapsed: 00:00:00.006

1 row inserted.

Elapsed: 00:00:00.005

1 row inserted.

Elapsed: 00:00:00.007

1 row inserted.

Elapsed: 00:00:00.005

1 row inserted.

Elapsed: 00:00:00.004

1 row inserted.

Elapsed: 00:00:00.004

1 row inserted.

Elapsed: 00:00:00.005

1 row inserted.

Elapsed: 00:00:00.005

1 row inserted.

Elapsed: 00:00:00.005

1 row inserted.

Elapsed: 00:00:00.004

1 row inserted.

Elapsed: 00:00:00.006

1 row inserted.

Elapsed: 00:00:00.005

1 row inserted.

Elapsed: 00:00:00.004

1 row inserted.

Elapsed: 00:00:00.004

1 row inserted.

Elapsed: 00:00:00.004

1 row inserted.

Elapsed: 00:00:00.004

1 row inserted.

Elapsed: 00:00:00.004

1 row inserted.

Elapsed: 00:00:00.004

1 row inserted.

Elapsed: 00:00:00.004

1 row inserted.

Elapsed: 00:00:00.004

1 row inserted.

Elapsed: 00:00:00.004

1 row inserted.

Elapsed: 00:00:00.007

1 row inserted.

Elapsed: 00:00:00.007

1 row inserted.

Elapsed: 00:00:00.005

1 row inserted.

Elapsed: 00:00:00.005

1 row inserted.

Elapsed: 00:00:00.009

1 row inserted.

Elapsed: 00:00:00.006

1 row inserted.

Elapsed: 00:00:00.008

1 row inserted.

Elapsed: 00:00:00.004

1 row inserted.

Elapsed: 00:00:00.005

1 row inserted.

Elapsed: 00:00:00.004

1 row inserted.

Elapsed: 00:00:00.005

1 row inserted.

Elapsed: 00:00:00.005

1 row inserted.

Elapsed: 00:00:00.005

1 row inserted.

Elapsed: 00:00:00.004

1 row inserted.

Elapsed: 00:00:00.004

1 row inserted.

Elapsed: 00:00:00.003

1 row inserted.

Elapsed: 00:00:00.005

1 row inserted.

Elapsed: 00:00:00.004

1 row inserted.

Elapsed: 00:00:00.005

1 row inserted.

Elapsed: 00:00:00.006

1 row inserted.

Elapsed: 00:00:00.004

1 row inserted.

Elapsed: 00:00:00.005

1 row inserted.

Elapsed: 00:00:00.006

1 row inserted.

Elapsed: 00:00:00.006

1 row inserted.

Elapsed: 00:00:00.004

1 row inserted.

Elapsed: 00:00:00.006

1 row inserted.

Elapsed: 00:00:00.005

1 row inserted.

Elapsed: 00:00:00.005

1 row inserted.

Elapsed: 00:00:00.006

1 row inserted.

Elapsed: 00:00:00.004

1 row inserted.

Elapsed: 00:00:00.004

1 row inserted.

Elapsed: 00:00:00.004

1 row inserted.

Elapsed: 00:00:00.006

1 row inserted.

Elapsed: 00:00:00.005

1 row inserted.

Elapsed: 00:00:00.003

1 row inserted.

Elapsed: 00:00:00.004

1 row inserted.

Elapsed: 00:00:00.004

1 row inserted.

Elapsed: 00:00:00.005

1 row inserted.

Elapsed: 00:00:00.006

1 row inserted.

Elapsed: 00:00:00.007

1 row inserted.

Elapsed: 00:00:00.005

1 row inserted.

Elapsed: 00:00:00.004

1 row inserted.

Elapsed: 00:00:00.004

1 row inserted.

Elapsed: 00:00:00.004

1 row inserted.

Elapsed: 00:00:00.009

1 row inserted.

Elapsed: 00:00:00.007

1 row inserted.

Elapsed: 00:00:00.006

1 row inserted.

Elapsed: 00:00:00.005

1 row inserted.

Elapsed: 00:00:00.004

1 row inserted.

Elapsed: 00:00:00.004

1 row inserted.

Elapsed: 00:00:00.004

1 row inserted.

Elapsed: 00:00:00.004

1 row inserted.

Elapsed: 00:00:00.004

1 row inserted.

Elapsed: 00:00:00.004

1 row inserted.

Elapsed: 00:00:00.004

1 row inserted.

Elapsed: 00:00:00.003

1 row inserted.

Elapsed: 00:00:00.004

1 row inserted.

Elapsed: 00:00:00.005

1 row inserted.

Elapsed: 00:00:00.005

1 row inserted.

Elapsed: 00:00:00.007

1 row inserted.

Elapsed: 00:00:00.007

1 row inserted.

Elapsed: 00:00:00.006

1 row inserted.

Elapsed: 00:00:00.006

1 row inserted.

Elapsed: 00:00:00.007

1 row inserted.

Elapsed: 00:00:00.007

1 row inserted.

Elapsed: 00:00:00.006

1 row inserted.

Elapsed: 00:00:00.004

1 row inserted.

Elapsed: 00:00:00.004

1 row inserted.

Elapsed: 00:00:00.005

1 row inserted.

Elapsed: 00:00:00.004

1 row inserted.

Elapsed: 00:00:00.007

1 row inserted.

Elapsed: 00:00:00.004

1 row inserted.

Elapsed: 00:00:00.004

1 row inserted.

Elapsed: 00:00:00.003

1 row inserted.

Elapsed: 00:00:00.030

1 row inserted.

Elapsed: 00:00:00.004

1 row inserted.

Elapsed: 00:00:00.004

1 row inserted.

Elapsed: 00:00:00.004

1 row inserted.

Elapsed: 00:00:00.005

1 row inserted.

Elapsed: 00:00:00.011

1 row inserted.

Elapsed: 00:00:00.006

1 row inserted.

Elapsed: 00:00:00.006

1 row inserted.

Elapsed: 00:00:00.004

1 row inserted.

Elapsed: 00:00:00.004

1 row inserted.

Elapsed: 00:00:00.009

1 row inserted.

Elapsed: 00:00:00.005

1 row inserted.

Elapsed: 00:00:00.003

1 row inserted.

Elapsed: 00:00:00.004

1 row inserted.

Elapsed: 00:00:00.004

1 row inserted.

Elapsed: 00:00:00.006

1 row inserted.

Elapsed: 00:00:00.006

1 row inserted.

Elapsed: 00:00:00.004

1 row inserted.

Elapsed: 00:00:00.004

1 row inserted.

Elapsed: 00:00:00.003

1 row inserted.

Elapsed: 00:00:00.003

1 row inserted.

Elapsed: 00:00:00.005

1 row inserted.

Elapsed: 00:00:00.004

1 row inserted.

Elapsed: 00:00:00.004

1 row inserted.

Elapsed: 00:00:00.004

1 row inserted.

Elapsed: 00:00:00.004

1 row inserted.

Elapsed: 00:00:00.005

1 row inserted.

Elapsed: 00:00:00.004

1 row inserted.

Elapsed: 00:00:00.003

1 row inserted.

Elapsed: 00:00:00.003

1 row inserted.

Elapsed: 00:00:00.003

1 row inserted.

Elapsed: 00:00:00.003

1 row inserted.

Elapsed: 00:00:00.004

1 row inserted.

Elapsed: 00:00:00.004

1 row inserted.

Elapsed: 00:00:00.004

1 row inserted.

Elapsed: 00:00:00.005

1 row inserted.

Elapsed: 00:00:00.003

1 row inserted.

Elapsed: 00:00:00.004

1 row inserted.

Elapsed: 00:00:00.006

1 row inserted.

Elapsed: 00:00:00.007

1 row inserted.

Elapsed: 00:00:00.004

1 row inserted.

Elapsed: 00:00:00.005

1 row inserted.

Elapsed: 00:00:00.007

1 row inserted.

Elapsed: 00:00:00.004

1 row inserted.

Elapsed: 00:00:00.004

1 row inserted.

Elapsed: 00:00:00.005

1 row inserted.

Elapsed: 00:00:00.005

1 row inserted.

Elapsed: 00:00:00.004

1 row inserted.

Elapsed: 00:00:00.008

1 row inserted.

Elapsed: 00:00:00.004

1 row inserted.

Elapsed: 00:00:00.005

1 row inserted.

Elapsed: 00:00:00.005

1 row inserted.

Elapsed: 00:00:00.004

1 row inserted.

Elapsed: 00:00:00.005

1 row inserted.

Elapsed: 00:00:00.005

1 row inserted.

Elapsed: 00:00:00.004

1 row inserted.

Elapsed: 00:00:00.005

1 row inserted.

Elapsed: 00:00:00.006

1 row inserted.

Elapsed: 00:00:00.005

1 row inserted.

Elapsed: 00:00:00.005

1 row inserted.

Elapsed: 00:00:00.006

1 row inserted.

Elapsed: 00:00:00.004

1 row inserted.

Elapsed: 00:00:00.006

1 row inserted.

Elapsed: 00:00:00.004

1 row inserted.

Elapsed: 00:00:00.003

1 row inserted.

Elapsed: 00:00:00.004

1 row inserted.

Elapsed: 00:00:00.004

1 row inserted.

Elapsed: 00:00:00.004

1 row inserted.

Elapsed: 00:00:00.006

1 row inserted.

Elapsed: 00:00:00.004

1 row inserted.

Elapsed: 00:00:00.004

1 row inserted.

Elapsed: 00:00:00.004

1 row inserted.

Elapsed: 00:00:00.003

1 row inserted.

Elapsed: 00:00:00.004

1 row inserted.

Elapsed: 00:00:00.004

1 row inserted.

Elapsed: 00:00:00.004

1 row inserted.

Elapsed: 00:00:00.003

1 row inserted.

Elapsed: 00:00:00.003

1 row inserted.

Elapsed: 00:00:00.004

1 row inserted.

Elapsed: 00:00:00.005

1 row inserted.

Elapsed: 00:00:00.005

1 row inserted.

Elapsed: 00:00:00.004

1 row inserted.

Elapsed: 00:00:00.006

1 row inserted.

Elapsed: 00:00:00.003

1 row inserted.

Elapsed: 00:00:00.004

1 row inserted.

Elapsed: 00:00:00.004

1 row inserted.

Elapsed: 00:00:00.005

1 row inserted.

Elapsed: 00:00:00.004

1 row inserted.

Elapsed: 00:00:00.007

1 row inserted.

Elapsed: 00:00:00.005

1 row inserted.

Elapsed: 00:00:00.004

1 row inserted.

Elapsed: 00:00:00.004

1 row inserted.

Elapsed: 00:00:00.004

1 row inserted.

Elapsed: 00:00:00.004

1 row inserted.

Elapsed: 00:00:00.004

1 row inserted.

Elapsed: 00:00:00.004

1 row inserted.

Elapsed: 00:00:00.004

1 row inserted.

Elapsed: 00:00:00.005

1 row inserted.

Elapsed: 00:00:00.004

1 row inserted.

Elapsed: 00:00:00.004

1 row inserted.

Elapsed: 00:00:00.006

1 row inserted.

Elapsed: 00:00:00.006

1 row inserted.

Elapsed: 00:00:00.003

1 row inserted.

Elapsed: 00:00:00.005

1 row inserted.

Elapsed: 00:00:00.004

1 row inserted.

Elapsed: 00:00:00.004

1 row inserted.

Elapsed: 00:00:00.004

1 row inserted.

Elapsed: 00:00:00.004

1 row inserted.

Elapsed: 00:00:00.003

1 row inserted.

Elapsed: 00:00:00.005

1 row inserted.

Elapsed: 00:00:00.005

1 row inserted.

Elapsed: 00:00:00.005

1 row inserted.

Elapsed: 00:00:00.006

1 row inserted.

Elapsed: 00:00:00.005

1 row inserted.

Elapsed: 00:00:00.005

1 row inserted.

Elapsed: 00:00:00.005

1 row inserted.

Elapsed: 00:00:00.004

1 row inserted.

Elapsed: 00:00:00.004

1 row inserted.

Elapsed: 00:00:00.003

1 row inserted.

Elapsed: 00:00:00.004

1 row inserted.

Elapsed: 00:00:00.004

1 row inserted.

Elapsed: 00:00:00.007

1 row inserted.

Elapsed: 00:00:00.005

1 row inserted.

Elapsed: 00:00:00.004

1 row inserted.

Elapsed: 00:00:00.007

1 row inserted.

Elapsed: 00:00:00.005

1 row inserted.

Elapsed: 00:00:00.004

1 row inserted.

Elapsed: 00:00:00.005

1 row inserted.

Elapsed: 00:00:00.004

1 row inserted.

Elapsed: 00:00:00.013

1 row inserted.

Elapsed: 00:00:00.006

1 row inserted.

Elapsed: 00:00:00.005

1 row inserted.

Elapsed: 00:00:00.004

1 row inserted.

Elapsed: 00:00:00.006

1 row inserted.

Elapsed: 00:00:00.030

1 row inserted.

Elapsed: 00:00:00.015

1 row inserted.

Elapsed: 00:00:00.003

1 row inserted.

Elapsed: 00:00:00.004

1 row inserted.

Elapsed: 00:00:00.004

1 row inserted.

Elapsed: 00:00:00.003

1 row inserted.

Elapsed: 00:00:00.004

1 row inserted.

Elapsed: 00:00:00.005

1 row inserted.

Elapsed: 00:00:00.005

1 row inserted.

Elapsed: 00:00:00.004

1 row inserted.

Elapsed: 00:00:00.003

1 row inserted.

Elapsed: 00:00:00.004

1 row inserted.

Elapsed: 00:00:00.004

1 row inserted.

Elapsed: 00:00:00.005

1 row inserted.

Elapsed: 00:00:00.004

1 row inserted.

Elapsed: 00:00:00.004

1 row inserted.

Elapsed: 00:00:00.004

1 row inserted.

Elapsed: 00:00:00.004

1 row inserted.

Elapsed: 00:00:00.004

1 row inserted.

Elapsed: 00:00:00.003

1 row inserted.

Elapsed: 00:00:00.006

1 row inserted.

Elapsed: 00:00:00.006

1 row inserted.

Elapsed: 00:00:00.005

1 row inserted.

Elapsed: 00:00:00.004

1 row inserted.

Elapsed: 00:00:00.004

1 row inserted.

Elapsed: 00:00:00.003

1 row inserted.

Elapsed: 00:00:00.005

1 row inserted.

Elapsed: 00:00:00.004

1 row inserted.

Elapsed: 00:00:00.003

1 row inserted.

Elapsed: 00:00:00.005

1 row inserted.

Elapsed: 00:00:00.007

1 row inserted.

Elapsed: 00:00:00.009

1 row inserted.

Elapsed: 00:00:00.007

1 row inserted.

Elapsed: 00:00:00.007

1 row inserted.

Elapsed: 00:00:00.004

1 row inserted.

Elapsed: 00:00:00.004

1 row inserted.

Elapsed: 00:00:00.006

1 row inserted.

Elapsed: 00:00:00.005

1 row inserted.

Elapsed: 00:00:00.005

1 row inserted.

Elapsed: 00:00:00.004

1 row inserted.

Elapsed: 00:00:00.004

1 row inserted.

Elapsed: 00:00:00.005

1 row inserted.

Elapsed: 00:00:00.005

1 row inserted.

Elapsed: 00:00:00.004

1 row inserted.

Elapsed: 00:00:00.004

1 row inserted.

Elapsed: 00:00:00.005

1 row inserted.

Elapsed: 00:00:00.004

1 row inserted.

Elapsed: 00:00:00.003

1 row inserted.

Elapsed: 00:00:00.004

1 row inserted.

Elapsed: 00:00:00.004

1 row inserted.

Elapsed: 00:00:00.006

1 row inserted.

Elapsed: 00:00:00.009

1 row inserted.

Elapsed: 00:00:00.003

1 row inserted.

Elapsed: 00:00:00.005

1 row inserted.

Elapsed: 00:00:00.005

1 row inserted.

Elapsed: 00:00:00.007

1 row inserted.

Elapsed: 00:00:00.004

1 row inserted.

Elapsed: 00:00:00.004

1 row inserted.

Elapsed: 00:00:00.006

1 row inserted.

Elapsed: 00:00:00.004

1 row inserted.

Elapsed: 00:00:00.004

1 row inserted.

Elapsed: 00:00:00.007

1 row inserted.

Elapsed: 00:00:00.004

1 row inserted.

Elapsed: 00:00:00.004

1 row inserted.

Elapsed: 00:00:00.005

1 row inserted.

Elapsed: 00:00:00.004

1 row inserted.

Elapsed: 00:00:00.004

1 row inserted.

Elapsed: 00:00:00.004

1 row inserted.

Elapsed: 00:00:00.007

1 row inserted.

Elapsed: 00:00:00.011

1 row inserted.

Elapsed: 00:00:00.006

1 row inserted.

Elapsed: 00:00:00.004

1 row inserted.

Elapsed: 00:00:00.007

1 row inserted.

Elapsed: 00:00:00.005

1 row inserted.

Elapsed: 00:00:00.004

1 row inserted.

Elapsed: 00:00:00.005

1 row inserted.

Elapsed: 00:00:00.004

1 row inserted.

Elapsed: 00:00:00.005

1 row inserted.

Elapsed: 00:00:00.005

1 row inserted.

Elapsed: 00:00:00.004

1 row inserted.

Elapsed: 00:00:00.006

1 row inserted.

Elapsed: 00:00:00.004

1 row inserted.

Elapsed: 00:00:00.005

1 row inserted.

Elapsed: 00:00:00.004

1 row inserted.

Elapsed: 00:00:00.005

1 row inserted.

Elapsed: 00:00:00.004

1 row inserted.

Elapsed: 00:00:00.005

1 row inserted.

Elapsed: 00:00:00.004

1 row inserted.

Elapsed: 00:00:00.005

1 row inserted.

Elapsed: 00:00:00.004

1 row inserted.

Elapsed: 00:00:00.004

1 row inserted.

Elapsed: 00:00:00.003

1 row inserted.

Elapsed: 00:00:00.003

1 row inserted.

Elapsed: 00:00:00.003

1 row inserted.

Elapsed: 00:00:00.004

1 row inserted.

Elapsed: 00:00:00.004

1 row inserted.

Elapsed: 00:00:00.003

1 row inserted.

Elapsed: 00:00:00.004

1 row inserted.

Elapsed: 00:00:00.004

1 row inserted.

Elapsed: 00:00:00.014

1 row inserted.

Elapsed: 00:00:00.005

1 row inserted.

Elapsed: 00:00:00.004

1 row inserted.

Elapsed: 00:00:00.004

1 row inserted.

Elapsed: 00:00:00.017

1 row inserted.

Elapsed: 00:00:00.006

1 row inserted.

Elapsed: 00:00:00.004

1 row inserted.

Elapsed: 00:00:00.006

1 row inserted.

Elapsed: 00:00:00.004

1 row inserted.

Elapsed: 00:00:00.004

1 row inserted.

Elapsed: 00:00:00.004

1 row inserted.

Elapsed: 00:00:00.004

1 row inserted.

Elapsed: 00:00:00.005

1 row inserted.

Elapsed: 00:00:00.006

1 row inserted.

Elapsed: 00:00:00.005

1 row inserted.

Elapsed: 00:00:00.004

1 row inserted.

Elapsed: 00:00:00.016

1 row inserted.

Elapsed: 00:00:00.006

1 row inserted.

Elapsed: 00:00:00.004

1 row inserted.

Elapsed: 00:00:00.004

1 row inserted.

Elapsed: 00:00:00.005

1 row inserted.

Elapsed: 00:00:00.004

1 row inserted.

Elapsed: 00:00:00.003

1 row inserted.

Elapsed: 00:00:00.004

1 row inserted.

Elapsed: 00:00:00.006

1 row inserted.

Elapsed: 00:00:00.005

1 row inserted.

Elapsed: 00:00:00.008

1 row inserted.

Elapsed: 00:00:00.028

1 row inserted.

Elapsed: 00:00:00.003

1 row inserted.

Elapsed: 00:00:00.005

1 row inserted.

Elapsed: 00:00:00.006

1 row inserted.

Elapsed: 00:00:00.006

1 row inserted.

Elapsed: 00:00:00.003

1 row inserted.

Elapsed: 00:00:00.005

1 row inserted.

Elapsed: 00:00:00.005

1 row inserted.

Elapsed: 00:00:00.005

1 row inserted.

Elapsed: 00:00:00.004

1 row inserted.

Elapsed: 00:00:00.003

1 row inserted.

Elapsed: 00:00:00.004

1 row inserted.

Elapsed: 00:00:00.005

1 row inserted.

Elapsed: 00:00:00.004

1 row inserted.

Elapsed: 00:00:00.006

1 row inserted.

Elapsed: 00:00:00.006

1 row inserted.

Elapsed: 00:00:00.004

1 row inserted.

Elapsed: 00:00:00.004

1 row inserted.

Elapsed: 00:00:00.006

1 row inserted.

Elapsed: 00:00:00.005

1 row inserted.

Elapsed: 00:00:00.006

1 row inserted.

Elapsed: 00:00:00.005

1 row inserted.

Elapsed: 00:00:00.004

1 row inserted.

Elapsed: 00:00:00.006

1 row inserted.

Elapsed: 00:00:00.007

1 row inserted.

Elapsed: 00:00:00.005

1 row inserted.

Elapsed: 00:00:00.004

1 row inserted.

Elapsed: 00:00:00.004

1 row inserted.

Elapsed: 00:00:00.004

1 row inserted.

Elapsed: 00:00:00.004

1 row inserted.

Elapsed: 00:00:00.004

1 row inserted.

Elapsed: 00:00:00.004

1 row inserted.

Elapsed: 00:00:00.005

1 row inserted.

Elapsed: 00:00:00.003

1 row inserted.

Elapsed: 00:00:00.003

1 row inserted.

Elapsed: 00:00:00.007

1 row inserted.

Elapsed: 00:00:00.008

1 row inserted.

Elapsed: 00:00:00.004

1 row inserted.

Elapsed: 00:00:00.007

1 row inserted.

Elapsed: 00:00:00.007

1 row inserted.

Elapsed: 00:00:00.007

1 row inserted.

Elapsed: 00:00:00.005

1 row inserted.

Elapsed: 00:00:00.035

1 row inserted.

Elapsed: 00:00:00.005

1 row inserted.

Elapsed: 00:00:00.004

1 row inserted.

Elapsed: 00:00:00.004

1 row inserted.

Elapsed: 00:00:00.004

1 row inserted.

Elapsed: 00:00:00.006

1 row inserted.

Elapsed: 00:00:00.006

1 row inserted.

Elapsed: 00:00:00.004

1 row inserted.

Elapsed: 00:00:00.006

1 row inserted.

Elapsed: 00:00:00.005

1 row inserted.

Elapsed: 00:00:00.009

1 row inserted.

Elapsed: 00:00:00.006

1 row inserted.

Elapsed: 00:00:00.004

1 row inserted.

Elapsed: 00:00:00.007

1 row inserted.

Elapsed: 00:00:00.006

1 row inserted.

Elapsed: 00:00:00.004

1 row inserted.

Elapsed: 00:00:00.005

1 row inserted.

Elapsed: 00:00:00.004

1 row inserted.

Elapsed: 00:00:00.003

1 row inserted.

Elapsed: 00:00:00.004

1 row inserted.

Elapsed: 00:00:00.004

1 row inserted.

Elapsed: 00:00:00.007

1 row inserted.

Elapsed: 00:00:00.005

1 row inserted.

Elapsed: 00:00:00.004

1 row inserted.

Elapsed: 00:00:00.004

1 row inserted.

Elapsed: 00:00:00.004

1 row inserted.

Elapsed: 00:00:00.004

1 row inserted.

Elapsed: 00:00:00.003

1 row inserted.

Elapsed: 00:00:00.004

1 row inserted.

Elapsed: 00:00:00.003

1 row inserted.

Elapsed: 00:00:00.004

1 row inserted.

Elapsed: 00:00:00.004

1 row inserted.

Elapsed: 00:00:00.004

1 row inserted.

Elapsed: 00:00:00.003

1 row inserted.

Elapsed: 00:00:00.003

1 row inserted.

Elapsed: 00:00:00.003

1 row inserted.

Elapsed: 00:00:00.054

1 row inserted.

Elapsed: 00:00:00.007

1 row inserted.

Elapsed: 00:00:00.004

1 row inserted.

Elapsed: 00:00:00.006

1 row inserted.

Elapsed: 00:00:00.004

1 row inserted.

Elapsed: 00:00:00.011

1 row inserted.

Elapsed: 00:00:00.005

1 row inserted.

Elapsed: 00:00:00.005

1 row inserted.

Elapsed: 00:00:00.028

1 row inserted.

Elapsed: 00:00:00.033

1 row inserted.

Elapsed: 00:00:00.006

1 row inserted.

Elapsed: 00:00:00.005

1 row inserted.

Elapsed: 00:00:00.005

1 row inserted.

Elapsed: 00:00:00.005

1 row inserted.

Elapsed: 00:00:00.006

1 row inserted.

Elapsed: 00:00:00.006

1 row inserted.

Elapsed: 00:00:00.004

1 row inserted.

Elapsed: 00:00:00.005

1 row inserted.

Elapsed: 00:00:00.003

1 row inserted.

Elapsed: 00:00:00.011

1 row inserted.

Elapsed: 00:00:00.006

1 row inserted.

Elapsed: 00:00:00.007

1 row inserted.

Elapsed: 00:00:00.008

1 row inserted.

Elapsed: 00:00:00.008

1 row inserted.

Elapsed: 00:00:00.028

1 row inserted.

Elapsed: 00:00:00.004

1 row inserted.

Elapsed: 00:00:00.004

1 row inserted.

Elapsed: 00:00:00.004

1 row inserted.

Elapsed: 00:00:00.004

1 row inserted.

Elapsed: 00:00:00.004

1 row inserted.

Elapsed: 00:00:00.004

1 row inserted.

Elapsed: 00:00:00.003

1 row inserted.

Elapsed: 00:00:00.003

1 row inserted.

Elapsed: 00:00:00.036

1 row inserted.

Elapsed: 00:00:00.004

1 row inserted.

Elapsed: 00:00:00.004

1 row inserted.

Elapsed: 00:00:00.005

1 row inserted.

Elapsed: 00:00:00.004

Commit complete.

Elapsed: 00:00:00.017

646 rows updated.

Elapsed: 00:00:00.097

Commit complete.

Elapsed: 00:00:00.026

View "APEX_MIME_ICON_CLASSES" created.

Elapsed: 00:00:00.015

9 rows updated.

Elapsed: 00:00:00.014

Commit complete.

Elapsed: 00:00:00.004

68 rows updated.

Elapsed: 00:00:00.014

Commit complete.

Elapsed: 00:00:00.007

328 rows updated.

Elapsed: 00:00:00.047

Commit complete.

Elapsed: 00:00:00.014

41 rows updated.

Elapsed: 00:00:00.013

Commit complete.

Elapsed: 00:00:00.007

32 rows updated.

Elapsed: 00:00:00.011

Commit complete.

Elapsed: 00:00:00.008

70 rows updated.

Elapsed: 00:00:00.015

Commit complete.

Elapsed: 00:00:00.006

3 rows updated.

Elapsed: 00:00:00.008

Commit complete.

Elapsed: 00:00:00.007

1 row updated.

Elapsed: 00:00:00.007

Commit complete.

Elapsed: 00:00:00.007

11 rows updated.

Elapsed: 00:00:00.017

Commit complete.

Elapsed: 00:00:00.008

1 row updated.

Elapsed: 00:00:00.007

Commit complete.

Elapsed: 00:00:00.006

99 rows updated.

Elapsed: 00:00:00.017

Commit complete.

Elapsed: 00:00:00.007

47 rows updated.

Elapsed: 00:00:00.014

Commit complete.

Elapsed: 00:00:00.006

12 rows updated.

Elapsed: 00:00:00.009

Commit complete.

Elapsed: 00:00:00.008

0 rows updated.

Elapsed: 00:00:00.005

Commit complete.

Elapsed: 00:00:00.003
Elapsed: 00:00:00.003

APX$USR_SESSION

Table "APX$USR_SESSION" created.

Elapsed: 00:00:00.019

Sequence "APX$APP_USERSESS_SEQ" created.

Elapsed: 00:00:00.006
Elapsed: 00:00:00.016

View "APEX_USER_SESSION" created.

Elapsed: 00:00:00.011
Elapsed: 00:00:00.012

Creating Interface Functions and Procedures

APX_GET_VERSION (static values if no access to dba_registry // TODO)
Elapsed: 00:00:00.012
Elapsed: 00:00:00.012

APXKEY
Elapsed: 00:00:00.012
Elapsed: 00:00:00.012

APX_ENCRYPT (currently returns null // TODO)
Elapsed: 00:00:00.014
Elapsed: 00:00:00.014

APX_DECRIPT (currently returns null // TODO)
Elapsed: 00:00:00.016
Elapsed: 00:00:00.017

APX_SEC_CODES

View "APEX_SEC_CODE3" created.

Elapsed: 00:00:00.031

View "APEX_SEC_CODE4" created.

Elapsed: 00:00:00.010

View "APEX_SEC_CODE6" created.

Elapsed: 00:00:00.009

View "APEX_SEC_CODE_PICKER" created.

Elapsed: 00:00:00.013

View "APEX_SEC_CODE_PICKER" created.

Elapsed: 00:00:00.010
Elapsed: 00:00:00.011

APX_GET_TOKEN
Elapsed: 00:00:00.029
Elapsed: 00:00:00.030

Creating Packages

APX Package and Body
Elapsed: 00:00:00.032
Elapsed: 00:00:00.050

Package "APX" Errors:

0 rows selected. 

Elapsed: 00:00:00.005
Done compiling Package "APX" :-)

"APX" provided interfaces

REGISTER_LOGIN
Elapsed: 00:00:00.014
Elapsed: 00:00:00.029

03.12.2017 23:57:16 *** DONE Status (0)

*** APX Application Modules Install End | Build: 1.0.0_0095.1712032356 | Commit: [master 5e8050a] ***

